<?xml version="1.0" encoding="UTF-8"?>
<!-- Generated by org.testng.reporters.JUnitReportReporter -->
<testsuite hostname="VanChan" failures="0" tests="4" name="com.parabanknew.test.RegisterTest" time="63.534" errors="0" timestamp="2024-04-09T16:04:47 ICT" skipped="0">
  <testcase classname="com.parabanknew.test.RegisterTest" name="testRegisterPhoneNoEmpty" time="10.584"/>
  <testcase classname="com.parabanknew.test.RegisterTest" name="testRegisterFull" time="21.082"/>
  <testcase classname="com.parabanknew.test.RegisterTest" name="testRegisterFull" time="21.233"/>
  <testcase classname="com.parabanknew.test.RegisterTest" name="testRegisterPhoneNoEmpty" time="10.635"/>
</testsuite> <!-- com.parabanknew.test.RegisterTest -->
